{"uuid":"56bb1893-3a7f-415c-9f8a-10d1f7c6eda8","historyId":"1f06e15592a0fa6d24a9bd56131ed036","testCaseId":"[engine:junit-jupiter]/[class:io.testomat.munufacturing.pages.SelenideTest]/[method:test()]","testCaseName":"Authorization Test","fullName":"io.testomat.munufacturing.pages.SelenideTest.test","labels":[{"name":"junit.platform.uniqueid","value":"[engine:junit-jupiter]/[class:io.testomat.munufacturing.pages.SelenideTest]/[method:test()]"},{"name":"host","value":"Legion-5"},{"name":"thread","value":"20864@Legion-5.main(1)"},{"name":"framework","value":"junit-platform"},{"name":"language","value":"java"},{"name":"package","value":"io.testomat.munufacturing.pages.SelenideTest"},{"name":"testClass","value":"io.testomat.munufacturing.pages.SelenideTest"},{"name":"testMethod","value":"test"},{"name":"suite","value":"io.testomat.munufacturing.pages.SelenideTest"}],"links":[],"name":"Authorization Test","status":"failed","statusDetails":{"known":false,"muted":false,"flaky":false,"message":"Element not found {By.xpath: //div[h1]//h1[@class='title']}\r\nExpected: visible\r\nScreenshot: file:/C:/Users/denis/AquaProjects/Munufacturing/build/reports/tests/1746639370375.0.png\r\nPage source: file:/C:/Users/denis/AquaProjects/Munufacturing/build/reports/tests/1746639370375.0.html\r\nTimeout: 4 s.\r\nCaused by: NoSuchElementException: no such element: Unable to locate element: {\"method\":\"xpath\",\"selector\":\"//div[h1]//h1[@class='title']\"}","trace":"Element not found {By.xpath: //div[h1]//h1[@class='title']}\r\nExpected: visible\r\nScreenshot: file:/C:/Users/denis/AquaProjects/Munufacturing/build/reports/tests/1746639370375.0.png\r\nPage source: file:/C:/Users/denis/AquaProjects/Munufacturing/build/reports/tests/1746639370375.0.html\r\nTimeout: 4 s.\r\nCaused by: NoSuchElementException: no such element: Unable to locate element: {\"method\":\"xpath\",\"selector\":\"//div[h1]//h1[@class='title']\"}\r\n\tat com.codeborne.selenide.impl.WebElementSource.createElementNotFoundError(WebElementSource.java:68)\r\n\tat com.codeborne.selenide.impl.ElementFinder.createElementNotFoundError(ElementFinder.java:117)\r\n\tat com.codeborne.selenide.impl.WebElementSource.handleError(WebElementSource.java:119)\r\n\tat com.codeborne.selenide.impl.WebElementSource.checkConditionAndReturnElement(WebElementSource.java:102)\r\n\tat com.codeborne.selenide.impl.WebElementSource.checkCondition(WebElementSource.java:78)\r\n\tat com.codeborne.selenide.commands.Should.execute(Should.java:24)\r\n\tat com.codeborne.selenide.FluentCommand.execute(FluentCommand.java:23)\r\n\tat com.codeborne.selenide.FluentCommand.execute(FluentCommand.java:19)\r\n\tat com.codeborne.selenide.commands.Commands.execute(Commands.java:159)\r\n\tat com.codeborne.selenide.impl.SelenideElementProxy.dispatchAndRetry(SelenideElementProxy.java:131)\r\n\tat com.codeborne.selenide.impl.SelenideElementProxy.invoke(SelenideElementProxy.java:83)\r\n\tat jdk.proxy2/jdk.proxy2.$Proxy10.shouldBe(Unknown Source)\r\n\tat io.testomat.munufacturing.pages.SelenideTest.test(SelenideTest.java:25)\r\n\tat java.base/java.lang.reflect.Method.invoke(Method.java:569)\r\n\tat java.base/java.util.ArrayList.forEach(ArrayList.java:1511)\r\n\tat java.base/java.util.ArrayList.forEach(ArrayList.java:1511)\r\nCaused by: org.openqa.selenium.NoSuchElementException: no such element: Unable to locate element: {\"method\":\"xpath\",\"selector\":\"//div[h1]//h1[@class='title']\"}\n  (Session info: chrome=135.0.7049.115)\nFor documentation on this error, please visit: https://www.selenium.dev/documentation/webdriver/troubleshooting/errors#no-such-element-exception\nBuild info: version: '4.26.0', revision: '8ccf0219d7'\nSystem info: os.name: 'Windows 11', os.arch: 'amd64', os.version: '10.0', java.version: '17.0.15'\nDriver info: org.openqa.selenium.chrome.ChromeDriver\nCommand: [5babaa0760cc319fff8f62e675f7b10c, findElement {value=//div[h1]//h1[@class='title'], using=xpath}]\nCapabilities {acceptInsecureCerts: true, browserName: chrome, browserVersion: 135.0.7049.115, chrome: {chromedriverVersion: 135.0.7049.114 (63fd8a7d9d0..., userDataDir: C:\\Users\\denis\\AppData\\Loca...}, fedcm:accounts: true, goog:chromeOptions: {debuggerAddress: localhost:64645}, networkConnectionEnabled: false, pageLoadStrategy: normal, platformName: windows, proxy: Proxy(), se:cdp: ws://localhost:64645/devtoo..., se:cdpVersion: 135.0.7049.115, setWindowRect: true, strictFileInteractability: false, timeouts: {implicit: 0, pageLoad: 300000, script: 30000}, unhandledPromptBehavior: accept, webauthn:extension:credBlob: true, webauthn:extension:largeBlob: true, webauthn:extension:minPinLength: true, webauthn:extension:prf: true, webauthn:virtualAuthenticators: true}\nSession ID: 5babaa0760cc319fff8f62e675f7b10c\r\n\tat jdk.internal.reflect.GeneratedConstructorAccessor13.newInstance(Unknown Source)\r\n\tat java.base/jdk.internal.reflect.DelegatingConstructorAccessorImpl.newInstance(DelegatingConstructorAccessorImpl.java:45)\r\n\tat java.base/java.lang.reflect.Constructor.newInstanceWithCaller(Constructor.java:500)\r\n\tat java.base/java.lang.reflect.Constructor.newInstance(Constructor.java:481)\r\n\tat org.openqa.selenium.remote.ErrorCodec.decode(ErrorCodec.java:167)\r\n\tat org.openqa.selenium.remote.codec.w3c.W3CHttpResponseCodec.decode(W3CHttpResponseCodec.java:138)\r\n\tat org.openqa.selenium.remote.codec.w3c.W3CHttpResponseCodec.decode(W3CHttpResponseCodec.java:50)\r\n\tat org.openqa.selenium.remote.HttpCommandExecutor.execute(HttpCommandExecutor.java:190)\r\n\tat org.openqa.selenium.remote.service.DriverCommandExecutor.invokeExecute(DriverCommandExecutor.java:216)\r\n\tat org.openqa.selenium.remote.service.DriverCommandExecutor.execute(DriverCommandExecutor.java:174)\r\n\tat org.openqa.selenium.remote.RemoteWebDriver.execute(RemoteWebDriver.java:545)\r\n\tat org.openqa.selenium.remote.ElementLocation$ElementFinder$2.findElement(ElementLocation.java:165)\r\n\tat org.openqa.selenium.remote.ElementLocation.findElement(ElementLocation.java:59)\r\n\tat org.openqa.selenium.remote.RemoteWebDriver.findElement(RemoteWebDriver.java:368)\r\n\tat org.openqa.selenium.remote.RemoteWebDriver.findElement(RemoteWebDriver.java:362)\r\n\tat com.codeborne.selenide.impl.WebElementSelector.findElement(WebElementSelector.java:64)\r\n\tat com.codeborne.selenide.impl.WebElementSelector.findElement(WebElementSelector.java:39)\r\n\tat com.codeborne.selenide.impl.WebElementSelector.findElement(WebElementSelector.java:30)\r\n\tat com.codeborne.selenide.impl.ElementFinder.getWebElement(ElementFinder.java:101)\r\n\tat com.codeborne.selenide.impl.WebElementSource.checkConditionAndReturnElement(WebElementSource.java:91)\r\n\t... 12 more\r\n"},"stage":"finished","description":"","steps":[],"attachments":[],"parameters":[],"start":1746639341202,"stop":1746639370551}